<?xml version="1.0" encoding="UTF-8"?>
<!-- Generated by org.testng.reporters.JUnitReportReporter -->
<testsuite hostname="DESKTOP-ALKD1OP" failures="0" tests="17" name="qa.tests.TC_Vehicle_registration" time="5.776" errors="0" timestamp="2022-10-23T20:00:32 EEST" skipped="0">
  <testcase classname="qa.tests.TC_Vehicle_registration" name="test_case_1" time="0.482"/>
  <system-out/>
  <testcase classname="qa.tests.TC_Vehicle_registration" name="test_case_1" time="0.351"/>
  <system-out/>
  <testcase classname="qa.tests.TC_Vehicle_registration" name="test_case_1" time="0.364"/>
  <system-out/>
  <testcase classname="qa.tests.TC_Vehicle_registration" name="test_case_1" time="0.357"/>
  <system-out/>
  <testcase classname="qa.tests.TC_Vehicle_registration" name="test_case_1" time="0.376"/>
  <system-out/>
  <testcase classname="qa.tests.TC_Vehicle_registration" name="test_case_1" time="0.355"/>
  <system-out/>
  <testcase classname="qa.tests.TC_Vehicle_registration" name="test_case_1" time="0.364"/>
  <system-out/>
  <testcase classname="qa.tests.TC_Vehicle_registration" name="test_case_1" time="0.382"/>
  <system-out/>
  <testcase classname="qa.tests.TC_Vehicle_registration" name="test_case_1" time="0.339"/>
  <system-out/>
  <testcase classname="qa.tests.TC_Vehicle_registration" name="test_case_1" time="0.245"/>
  <system-out/>
  <testcase classname="qa.tests.TC_Vehicle_registration" name="test_case_1" time="0.346"/>
  <system-out/>
  <testcase classname="qa.tests.TC_Vehicle_registration" name="test_case_1" time="0.365"/>
  <system-out/>
  <testcase classname="qa.tests.TC_Vehicle_registration" name="test_case_1" time="0.347"/>
  <system-out/>
  <testcase classname="qa.tests.TC_Vehicle_registration" name="test_case_1" time="0.135"/>
  <system-out/>
  <testcase classname="qa.tests.TC_Vehicle_registration" name="test_case_1" time="0.363"/>
  <system-out/>
  <testcase classname="qa.tests.TC_Vehicle_registration" name="test_case_1" time="0.360"/>
  <system-out/>
  <testcase classname="qa.tests.TC_Vehicle_registration" name="test_case_1" time="0.245"/>
  <system-out/>
</testsuite> <!-- qa.tests.TC_Vehicle_registration -->
